{"/Users/mirandaweston/Makers-projects/pok-dex-app/src/api.js": {"path":"/Users/mirandaweston/Makers-projects/pok-dex-app/src/api.js","statementMap":{"0":{"start":{"line":1,"column":21},"end":{"line":18,"column":1}},"1":{"start":{"line":2,"column":2},"end":{"line":15,"column":6}},"2":{"start":{"line":4,"column":6},"end":{"line":4,"column":29}},"3":{"start":{"line":7,"column":22},"end":{"line":13,"column":7}},"4":{"start":{"line":12,"column":40},"end":{"line":12,"column":54}},"5":{"start":{"line":14,"column":6},"end":{"line":14,"column":21}},"6":{"start":{"line":21,"column":0},"end":{"line":21,"column":30}}},"fnMap":{"0":{"name":"(anonymous_0)","decl":{"start":{"line":1,"column":21},"end":{"line":1,"column":22}},"loc":{"start":{"line":1,"column":38},"end":{"line":18,"column":1}},"line":1},"1":{"name":"(anonymous_1)","decl":{"start":{"line":3,"column":10},"end":{"line":3,"column":11}},"loc":{"start":{"line":3,"column":24},"end":{"line":5,"column":5}},"line":3},"2":{"name":"(anonymous_2)","decl":{"start":{"line":6,"column":10},"end":{"line":6,"column":11}},"loc":{"start":{"line":6,"column":20},"end":{"line":15,"column":5}},"line":6},"3":{"name":"(anonymous_3)","decl":{"start":{"line":12,"column":30},"end":{"line":12,"column":31}},"loc":{"start":{"line":12,"column":40},"end":{"line":12,"column":54}},"line":12}},"branchMap":{},"s":{"0":2,"1":1,"2":1,"3":1,"4":1,"5":1,"6":2},"f":{"0":1,"1":1,"2":1,"3":1},"b":{},"_coverageSchema":"1a1c01bbd47fc00a2c39e90264f33305004495a9","hash":"fa59b104548faa7625b7755481498d85b7325010"}
,"/Users/mirandaweston/Makers-projects/pok-dex-app/src/pokedex.js": {"path":"/Users/mirandaweston/Makers-projects/pok-dex-app/src/pokedex.js","statementMap":{"0":{"start":{"line":5,"column":4},"end":{"line":5,"column":22}},"1":{"start":{"line":6,"column":4},"end":{"line":6,"column":22}},"2":{"start":{"line":10,"column":24},"end":{"line":10,"column":55}},"3":{"start":{"line":11,"column":4},"end":{"line":11,"column":35}},"4":{"start":{"line":15,"column":4},"end":{"line":15,"column":24}},"5":{"start":{"line":19,"column":21},"end":{"line":32,"column":1}},"6":{"start":{"line":20,"column":19},"end":{"line":20,"column":82}},"7":{"start":{"line":21,"column":15},"end":{"line":21,"column":36}},"8":{"start":{"line":22,"column":18},"end":{"line":28,"column":3}},"9":{"start":{"line":27,"column":34},"end":{"line":27,"column":48}},"10":{"start":{"line":30,"column":2},"end":{"line":30,"column":60}},"11":{"start":{"line":30,"column":33},"end":{"line":30,"column":58}},"12":{"start":{"line":31,"column":2},"end":{"line":31,"column":17}},"13":{"start":{"line":34,"column":16},"end":{"line":34,"column":29}},"14":{"start":{"line":35,"column":0},"end":{"line":35,"column":30}},"15":{"start":{"line":36,"column":0},"end":{"line":36,"column":33}},"16":{"start":{"line":37,"column":0},"end":{"line":39,"column":3}},"17":{"start":{"line":38,"column":2},"end":{"line":38,"column":29}},"18":{"start":{"line":41,"column":0},"end":{"line":41,"column":25}}},"fnMap":{"0":{"name":"(anonymous_0)","decl":{"start":{"line":4,"column":2},"end":{"line":4,"column":3}},"loc":{"start":{"line":4,"column":16},"end":{"line":7,"column":3}},"line":4},"1":{"name":"(anonymous_1)","decl":{"start":{"line":9,"column":2},"end":{"line":9,"column":3}},"loc":{"start":{"line":9,"column":32},"end":{"line":12,"column":3}},"line":9},"2":{"name":"(anonymous_2)","decl":{"start":{"line":14,"column":2},"end":{"line":14,"column":3}},"loc":{"start":{"line":14,"column":8},"end":{"line":16,"column":3}},"line":14},"3":{"name":"(anonymous_3)","decl":{"start":{"line":19,"column":21},"end":{"line":19,"column":22}},"loc":{"start":{"line":19,"column":44},"end":{"line":32,"column":1}},"line":19},"4":{"name":"(anonymous_4)","decl":{"start":{"line":27,"column":26},"end":{"line":27,"column":27}},"loc":{"start":{"line":27,"column":34},"end":{"line":27,"column":48}},"line":27},"5":{"name":"(anonymous_5)","decl":{"start":{"line":30,"column":20},"end":{"line":30,"column":21}},"loc":{"start":{"line":30,"column":33},"end":{"line":30,"column":58}},"line":30},"6":{"name":"(anonymous_6)","decl":{"start":{"line":37,"column":34},"end":{"line":37,"column":35}},"loc":{"start":{"line":37,"column":40},"end":{"line":39,"column":1}},"line":37}},"branchMap":{},"s":{"0":4,"1":4,"2":5,"3":5,"4":2,"5":1,"6":5,"7":5,"8":5,"9":6,"10":5,"11":5,"12":5,"13":1,"14":1,"15":1,"16":1,"17":1,"18":1},"f":{"0":4,"1":5,"2":2,"3":5,"4":6,"5":5,"6":1},"b":{},"_coverageSchema":"1a1c01bbd47fc00a2c39e90264f33305004495a9","hash":"8d6cae9e06630c23da10ec61bfb112f2c8fb9bde"}
}
