TN:
SF:src/api.js
FN:1,(anonymous_0)
FN:3,(anonymous_1)
FN:6,(anonymous_2)
FN:12,(anonymous_3)
FNF:4
FNH:4
FNDA:1,(anonymous_0)
FNDA:1,(anonymous_1)
FNDA:1,(anonymous_2)
FNDA:1,(anonymous_3)
DA:1,2
DA:2,1
DA:4,1
DA:7,1
DA:12,1
DA:14,1
DA:21,2
LF:7
LH:7
BRF:0
BRH:0
end_of_record
TN:
SF:src/pokedex.js
FN:4,(anonymous_0)
FN:9,(anonymous_1)
FN:14,(anonymous_2)
FN:19,(anonymous_3)
FN:27,(anonymous_4)
FN:30,(anonymous_5)
FN:37,(anonymous_6)
FNF:7
FNH:7
FNDA:4,(anonymous_0)
FNDA:5,(anonymous_1)
FNDA:2,(anonymous_2)
FNDA:5,(anonymous_3)
FNDA:6,(anonymous_4)
FNDA:5,(anonymous_5)
FNDA:1,(anonymous_6)
DA:5,4
DA:6,4
DA:10,5
DA:11,5
DA:15,2
DA:19,1
DA:20,5
DA:21,5
DA:22,5
DA:27,6
DA:30,5
DA:31,5
DA:34,1
DA:35,1
DA:36,1
DA:37,1
DA:38,1
DA:41,1
LF:18
LH:18
BRF:0
BRH:0
end_of_record
